=/pretest.json
{
  _: [],
  f: [
    '/home/runner/work/exp-finite-capacity-multi-server-queue-with-general-distributed-arrivals-exponential-service-iitd/exp-finite-capacity-multi-server-queue-with-general-distributed-arrivals-exponential-service-iitd/experiment/pretest.json'
  ],
  files: [
    '/home/runner/work/exp-finite-capacity-multi-server-queue-with-general-distributed-arrivals-exponential-service-iitd/exp-finite-capacity-multi-server-queue-with-general-distributed-arrivals-exponential-service-iitd/experiment/pretest.json'
  ],
  c: 'assessment',
  contentTypes: 'assessment',
  'content-types': 'assessment',
  '$0': 'validate'
}
Validated true
=/posttest.json
{
  _: [],
  f: [
    '/home/runner/work/exp-finite-capacity-multi-server-queue-with-general-distributed-arrivals-exponential-service-iitd/exp-finite-capacity-multi-server-queue-with-general-distributed-arrivals-exponential-service-iitd/experiment/posttest.json'
  ],
  files: [
    '/home/runner/work/exp-finite-capacity-multi-server-queue-with-general-distributed-arrivals-exponential-service-iitd/exp-finite-capacity-multi-server-queue-with-general-distributed-arrivals-exponential-service-iitd/experiment/posttest.json'
  ],
  c: 'assessment',
  contentTypes: 'assessment',
  'content-types': 'assessment',
  '$0': 'validate'
}
Validated true
