
/home/runner/work/exp-finite-capacity-multi-server-queue-with-general-distributed-arrivals-exponential-service-iitd/exp-finite-capacity-multi-server-queue-with-general-distributed-arrivals-exponential-service-iitd/experiment/simulation/js/main.js
   13:5   warning  't_end' is assigned a value but never used                      no-unused-vars
   21:5   warning  'blocked' is assigned a value but never used                    no-unused-vars
   51:3   warning  'google' is not defined                                         no-undef
   55:3   warning  'google' is not defined                                         no-undef
   58:12  warning  'google' is not defined                                         no-undef
   77:17  warning  'google' is not defined                                         no-undef
  116:10  warning  'checkDistribution' is defined but never used                   no-unused-vars
  135:9   warning  'in_use' is assigned a value but never used                     no-unused-vars
  141:5   warning  'mc' is not defined                                             no-undef
  142:5   warning  'busy_servers' is not defined                                   no-undef
  143:5   warning  'end_times' is not defined                                      no-undef
  144:5   warning  'start_times' is not defined                                    no-undef
  146:9   warning  'end_times' is not defined                                      no-undef
  147:9   warning  'start_times' is not defined                                    no-undef
  163:21  warning  'end_times' is not defined                                      no-undef
  168:33  warning  'start_times' is not defined                                    no-undef
  171:17  warning  'start_times' is not defined                                    no-undef
  172:17  warning  'end_times' is not defined                                      no-undef
  173:17  warning  'busy_servers' is not defined                                   no-undef
  175:17  warning  'start_times' is not defined                                    no-undef
  177:17  warning  'end_times' is not defined                                      no-undef
  181:21  warning  'end_times' is not defined                                      no-undef
  183:41  warning  'end_times' is not defined                                      no-undef
  191:24  warning  'mc' is not defined                                             no-undef
  195:29  warning  'busy_servers' is not defined                                   no-undef
  197:29  warning  'end_times' is not defined                                      no-undef
  199:21  warning  'busy_servers' is not defined                                   no-undef
  205:29  warning  'end_times' is not defined                                      no-undef
  211:21  warning  'start_times' is not defined                                    no-undef
  213:21  warning  'end_times' is not defined                                      no-undef
  215:21  warning  'busy_servers' is not defined                                   no-undef
  217:29  warning  'end_times' is not defined                                      no-undef
  219:49  warning  'end_times' is not defined                                      no-undef
  244:7   warning  'in_use' is assigned a value but never used                     no-unused-vars
  250:3   warning  'busy_servers' is not defined                                   no-undef
  251:3   warning  'end_times' is not defined                                      no-undef
  252:3   warning  'start_times' is not defined                                    no-undef
  254:7   warning  'end_times' is not defined                                      no-undef
  255:7   warning  'start_times' is not defined                                    no-undef
  270:17  warning  'end_times' is not defined                                      no-undef
  275:29  warning  'start_times' is not defined                                    no-undef
  278:13  warning  'start_times' is not defined                                    no-undef
  279:13  warning  'end_times' is not defined                                      no-undef
  280:13  warning  'busy_servers' is not defined                                   no-undef
  282:13  warning  'start_times' is not defined                                    no-undef
  284:13  warning  'end_times' is not defined                                      no-undef
  288:17  warning  'end_times' is not defined                                      no-undef
  290:37  warning  'end_times' is not defined                                      no-undef
  302:25  warning  'busy_servers' is not defined                                   no-undef
  304:25  warning  'end_times' is not defined                                      no-undef
  306:17  warning  'busy_servers' is not defined                                   no-undef
  312:25  warning  'end_times' is not defined                                      no-undef
  318:17  warning  'start_times' is not defined                                    no-undef
  320:17  warning  'end_times' is not defined                                      no-undef
  322:17  warning  'busy_servers' is not defined                                   no-undef
  324:25  warning  'end_times' is not defined                                      no-undef
  326:45  warning  'end_times' is not defined                                      no-undef
  346:3   warning  'variance' is not defined                                       no-undef
  358:7   warning  'in_use' is assigned a value but never used                     no-unused-vars
  367:3   warning  'busy_servers' is not defined                                   no-undef
  368:3   warning  'end_times' is not defined                                      no-undef
  369:3   warning  'start_times' is not defined                                    no-undef
  371:7   warning  'end_times' is not defined                                      no-undef
  372:7   warning  'start_times' is not defined                                    no-undef
  387:17  warning  'end_times' is not defined                                      no-undef
  392:29  warning  'start_times' is not defined                                    no-undef
  395:13  warning  'start_times' is not defined                                    no-undef
  396:13  warning  'end_times' is not defined                                      no-undef
  397:13  warning  'busy_servers' is not defined                                   no-undef
  399:13  warning  'start_times' is not defined                                    no-undef
  401:13  warning  'end_times' is not defined                                      no-undef
  405:17  warning  'end_times' is not defined                                      no-undef
  407:37  warning  'end_times' is not defined                                      no-undef
  419:25  warning  'busy_servers' is not defined                                   no-undef
  421:25  warning  'end_times' is not defined                                      no-undef
  423:17  warning  'busy_servers' is not defined                                   no-undef
  429:25  warning  'end_times' is not defined                                      no-undef
  435:17  warning  'start_times' is not defined                                    no-undef
  437:17  warning  'end_times' is not defined                                      no-undef
  439:17  warning  'busy_servers' is not defined                                   no-undef
  441:25  warning  'end_times' is not defined                                      no-undef
  443:45  warning  'end_times' is not defined                                      no-undef
  474:9   warning  'q_size' is assigned a value but never used                     no-unused-vars
  485:57  warning  'mc' is not defined                                             no-undef
  490:38  warning  'mc' is not defined                                             no-undef
  511:23  warning  'mc' is not defined                                             no-undef
  512:22  warning  'mc' is not defined                                             no-undef
  512:51  warning  'mc' is not defined                                             no-undef
  522:9   warning  'Ts' is assigned a value but never used                         no-unused-vars
  531:9   warning  'ex_st' is assigned a value but never used                      no-unused-vars
  531:46  warning  'busy_servers' is not defined                                   no-undef
  534:9   warning  'th_st' is assigned a value but never used                      no-unused-vars
  568:27  warning  Use the isNaN function to compare with NaN                      use-isnan
  574:27  warning  Use the isNaN function to compare with NaN                      use-isnan
  580:27  warning  Use the isNaN function to compare with NaN                      use-isnan
  593:27  warning  Use the isNaN function to compare with NaN                      use-isnan
  607:27  warning  Use the isNaN function to compare with NaN                      use-isnan
  611:27  warning  Use the isNaN function to compare with NaN                      use-isnan
  615:27  warning  Use the isNaN function to compare with NaN                      use-isnan
  619:27  warning  Use the isNaN function to compare with NaN                      use-isnan
  623:27  warning  Use the isNaN function to compare with NaN                      use-isnan
  627:27  warning  Use the isNaN function to compare with NaN                      use-isnan
  641:27  warning  Use the isNaN function to compare with NaN                      use-isnan
  645:27  warning  Use the isNaN function to compare with NaN                      use-isnan
  674:9   warning  'th_st' is assigned a value but never used                      no-unused-vars
  675:9   warning  'ex_st' is assigned a value but never used                      no-unused-vars
  710:27  warning  Use the isNaN function to compare with NaN                      use-isnan
  716:27  warning  Use the isNaN function to compare with NaN                      use-isnan
  722:27  warning  Use the isNaN function to compare with NaN                      use-isnan
  729:27  warning  Use the isNaN function to compare with NaN                      use-isnan
  746:27  warning  Use the isNaN function to compare with NaN                      use-isnan
  750:27  warning  Use the isNaN function to compare with NaN                      use-isnan
  754:27  warning  Use the isNaN function to compare with NaN                      use-isnan
  758:27  warning  Use the isNaN function to compare with NaN                      use-isnan
  762:27  warning  Use the isNaN function to compare with NaN                      use-isnan
  766:27  warning  Use the isNaN function to compare with NaN                      use-isnan
  771:27  warning  Use the isNaN function to compare with NaN                      use-isnan
  775:27  warning  Use the isNaN function to compare with NaN                      use-isnan
  785:59  warning  Use the isNaN function to compare with NaN                      use-isnan
  786:59  warning  Use the isNaN function to compare with NaN                      use-isnan
  787:59  warning  Use the isNaN function to compare with NaN                      use-isnan
  788:59  warning  Use the isNaN function to compare with NaN                      use-isnan
  790:53  warning  Use the isNaN function to compare with NaN                      use-isnan
  791:53  warning  Use the isNaN function to compare with NaN                      use-isnan
  792:53  warning  Use the isNaN function to compare with NaN                      use-isnan
  793:53  warning  Use the isNaN function to compare with NaN                      use-isnan
  804:30  warning  'variance' is not defined                                       no-undef
  812:9   warning  'th_st' is assigned a value but never used                      no-unused-vars
  813:9   warning  'ex_st' is assigned a value but never used                      no-unused-vars
  848:27  warning  Use the isNaN function to compare with NaN                      use-isnan
  854:27  warning  Use the isNaN function to compare with NaN                      use-isnan
  860:27  warning  Use the isNaN function to compare with NaN                      use-isnan
  867:27  warning  Use the isNaN function to compare with NaN                      use-isnan
  884:27  warning  Use the isNaN function to compare with NaN                      use-isnan
  888:27  warning  Use the isNaN function to compare with NaN                      use-isnan
  892:27  warning  Use the isNaN function to compare with NaN                      use-isnan
  896:27  warning  Use the isNaN function to compare with NaN                      use-isnan
  900:27  warning  Use the isNaN function to compare with NaN                      use-isnan
  904:27  warning  Use the isNaN function to compare with NaN                      use-isnan
  909:27  warning  Use the isNaN function to compare with NaN                      use-isnan
  913:27  warning  Use the isNaN function to compare with NaN                      use-isnan
  923:59  warning  Use the isNaN function to compare with NaN                      use-isnan
  924:59  warning  Use the isNaN function to compare with NaN                      use-isnan
  925:59  warning  Use the isNaN function to compare with NaN                      use-isnan
  926:59  warning  Use the isNaN function to compare with NaN                      use-isnan
  928:53  warning  Use the isNaN function to compare with NaN                      use-isnan
  929:53  warning  Use the isNaN function to compare with NaN                      use-isnan
  930:53  warning  Use the isNaN function to compare with NaN                      use-isnan
  931:53  warning  Use the isNaN function to compare with NaN                      use-isnan
  934:10  warning  'stopSimulation' is defined but never used                      no-unused-vars
  950:10  warning  'google' is not defined                                         no-undef
  966:10  warning  'startSimulationBasedOnDistribution' is defined but never used  no-unused-vars

✖ 152 problems (0 errors, 152 warnings)

